Fri Dec 27 16:57:06 CET 2024
NVIDIA A100-SXM4-40GB
2024-12-27 16:57:11.210535: W external/xla/xla/service/gpu/nvptx_compiler.cc:836] The NVIDIA driver's CUDA version is 12.5 which is older than the PTX compiler version (12.6.85). Because the driver is older than the PTX compiler version, XLA is disabling parallel compilation, which may slow down compilation. You should update your NVIDIA driver or use the NVIDIA-provided CUDA forward compatibility packages.
Warning: weights not properly specified, assuming constant weights instead.
GPU found?
[CudaDevice(id=0)]
Fixed params loaded inside the MicroToMacroTransform:
    E_sat: -16.0
Loading data necessary for the event GW170817
Loading data necessary for the event J0030 and sampling the with NICER masses
Loading data necessary for the event J0740 and sampling the with NICER masses
Not sampling PREX or CREX data now
Sanity checking: likelihoods_list = [<paper_jose.utils.GWlikelihood_with_masses object at 0x14af28e1bac0>, <paper_jose.utils.NICERLikelihood_with_masses object at 0x14a572f97940>, <paper_jose.utils.NICERLikelihood_with_masses object at 0x14ae30b523e0>, <paper_jose.utils.RadioTimingLikelihood object at 0x14ae30b522c0>, <paper_jose.utils.RadioTimingLikelihood object at 0x14ae30b523b0>, <paper_jose.utils.RadioTimingLikelihood object at 0x14ae30b52fe0>]
len(likelihoods_list) = 6
Fixed params loaded inside the MicroToMacroTransform:
    E_sat: -16.0
We are going to give these kwargs to Jim:
{'n_loop_training': 20, 'n_loop_production': 20, 'n_chains': 1000, 'n_local_steps': 2, 'n_global_steps': 100, 'n_epochs': 20, 'train_thinning': 1, 'output_thinning': 5}
We are going to sample the following parameters:
['E_sym', 'L_sym', 'K_sym', 'Q_sym', 'Z_sym', 'K_sat', 'Q_sat', 'Z_sat', 'nbreak', 'n_CSE_0_u', 'cs2_CSE_0', 'n_CSE_1_u', 'cs2_CSE_1', 'n_CSE_2_u', 'cs2_CSE_2', 'n_CSE_3_u', 'cs2_CSE_3', 'n_CSE_4_u', 'cs2_CSE_4', 'n_CSE_5_u', 'cs2_CSE_5', 'n_CSE_6_u', 'cs2_CSE_6', 'n_CSE_7_u', 'cs2_CSE_7', 'cs2_CSE_8', 'mass_1_GW170817', 'mass_2_GW170817', 'mass_J0030', 'mass_J0740']
No sample transforms provided. Using prior parameters as sampling parameters
['n_dim', 'n_chains', 'n_local_steps', 'n_global_steps', 'n_loop', 'output_thinning', 'verbose']
log_prob
[-526.75936351 -380.15014917 -118.66981521]
Sampling seed is set to: 11
Global Tuning:   0%|          | 0/20 [00:00<?, ?it/s]Global Tuning:   5%|▌         | 1/20 [03:55<1:14:36, 235.62s/it]Global Tuning:  10%|█         | 2/20 [05:56<50:27, 168.19s/it]  Global Tuning:  15%|█▌        | 3/20 [07:50<40:35, 143.28s/it]Global Tuning:  20%|██        | 4/20 [09:37<34:23, 128.94s/it]Global Tuning:  25%|██▌       | 5/20 [11:27<30:35, 122.38s/it]Global Tuning:  30%|███       | 6/20 [13:23<28:02, 120.15s/it]Global Tuning:  35%|███▌      | 7/20 [15:31<26:32, 122.53s/it]Global Tuning:  40%|████      | 8/20 [17:35<24:37, 123.12s/it]