Tue Mar  4 10:01:39 CET 2025
NVIDIA H100
NVIDIA H100
NVIDIA H100
NVIDIA H100
Warning: weights not properly specified, assuming constant weights instead.
GPU found?
[CudaDevice(id=0), CudaDevice(id=1), CudaDevice(id=2), CudaDevice(id=3)]
Using the broad EOS prior
Using the regular nbreak prior: U[1.0, 2.0] * 0.16
Fixed params loaded inside the MicroToMacroTransform:
    E_sat: -16.0
Loading data necessary for the event GW170817
Loading data necessary for the event J0030 and sampling the with NICER masses
Loading data necessary for the event J0740 and sampling the with NICER masses
Not sampling PREX or CREX data now
Loading data necessary for the Chiral EFT
Sanity checking: likelihoods_list = [<paper_jose.utils.GWlikelihood_with_masses object at 0x14e220ca3ca0>, <paper_jose.utils.NICERLikelihood_with_masses object at 0x14c8554a7070>, <paper_jose.utils.NICERLikelihood_with_masses object at 0x14c8546babf0>, <paper_jose.utils.RadioTimingLikelihood object at 0x14c854a63700>, <paper_jose.utils.RadioTimingLikelihood object at 0x14c8555af910>, <paper_jose.utils.RadioTimingLikelihood object at 0x14c8553e4790>, <paper_jose.utils.ChiEFTLikelihood object at 0x14c8553e6380>]
len(likelihoods_list) = 7
Fixed params loaded inside the MicroToMacroTransform:
    E_sat: -16.0
We are going to give these kwargs to Jim:
{'n_loop_training': 20, 'n_loop_production': 20, 'n_chains': 1000, 'n_local_steps': 2, 'n_global_steps': 100, 'n_epochs': 20, 'train_thinning': 1, 'output_thinning': 5}
We are going to sample the following parameters:
['E_sym', 'L_sym', 'K_sym', 'Q_sym', 'Z_sym', 'K_sat', 'Q_sat', 'Z_sat', 'nbreak', 'n_CSE_0_u', 'cs2_CSE_0', 'n_CSE_1_u', 'cs2_CSE_1', 'n_CSE_2_u', 'cs2_CSE_2', 'n_CSE_3_u', 'cs2_CSE_3', 'n_CSE_4_u', 'cs2_CSE_4', 'n_CSE_5_u', 'cs2_CSE_5', 'n_CSE_6_u', 'cs2_CSE_6', 'n_CSE_7_u', 'cs2_CSE_7', 'n_CSE_8_u', 'cs2_CSE_8', 'n_CSE_9_u', 'cs2_CSE_9', 'n_CSE_10_u', 'cs2_CSE_10', 'n_CSE_11_u', 'cs2_CSE_11', 'n_CSE_12_u', 'cs2_CSE_12', 'n_CSE_13_u', 'cs2_CSE_13', 'n_CSE_14_u', 'cs2_CSE_14', 'n_CSE_15_u', 'cs2_CSE_15', 'n_CSE_16_u', 'cs2_CSE_16', 'n_CSE_17_u', 'cs2_CSE_17', 'n_CSE_18_u', 'cs2_CSE_18', 'n_CSE_19_u', 'cs2_CSE_19', 'n_CSE_20_u', 'cs2_CSE_20', 'n_CSE_21_u', 'cs2_CSE_21', 'n_CSE_22_u', 'cs2_CSE_22', 'n_CSE_23_u', 'cs2_CSE_23', 'n_CSE_24_u', 'cs2_CSE_24', 'n_CSE_25_u', 'cs2_CSE_25', 'n_CSE_26_u', 'cs2_CSE_26', 'n_CSE_27_u', 'cs2_CSE_27', 'n_CSE_28_u', 'cs2_CSE_28', 'n_CSE_29_u', 'cs2_CSE_29', 'n_CSE_30_u', 'cs2_CSE_30', 'n_CSE_31_u', 'cs2_CSE_31', 'n_CSE_32_u', 'cs2_CSE_32', 'n_CSE_33_u', 'cs2_CSE_33', 'n_CSE_34_u', 'cs2_CSE_34', 'n_CSE_35_u', 'cs2_CSE_35', 'n_CSE_36_u', 'cs2_CSE_36', 'n_CSE_37_u', 'cs2_CSE_37', 'n_CSE_38_u', 'cs2_CSE_38', 'n_CSE_39_u', 'cs2_CSE_39', 'n_CSE_40_u', 'cs2_CSE_40', 'n_CSE_41_u', 'cs2_CSE_41', 'n_CSE_42_u', 'cs2_CSE_42', 'n_CSE_43_u', 'cs2_CSE_43', 'n_CSE_44_u', 'cs2_CSE_44', 'n_CSE_45_u', 'cs2_CSE_45', 'n_CSE_46_u', 'cs2_CSE_46', 'n_CSE_47_u', 'cs2_CSE_47', 'n_CSE_48_u', 'cs2_CSE_48', 'n_CSE_49_u', 'cs2_CSE_49', 'cs2_CSE_50', 'mass_1_GW170817', 'mass_2_GW170817', 'mass_J0030', 'mass_J0740']
No sample transforms provided. Using prior parameters as sampling parameters
['n_dim', 'n_chains', 'n_local_steps', 'n_global_steps', 'n_loop', 'output_thinning', 'verbose']
log_prob
[-105.83523685 -165.98858731 -124.33897449]
Sampling seed is set to: 11
Global Tuning:   0%|          | 0/20 [00:00<?, ?it/s]Global Tuning:   5%|▌         | 1/20 [03:51<1:13:13, 231.25s/it]Global Tuning:  10%|█         | 2/20 [05:16<43:36, 145.38s/it]  Global Tuning:  15%|█▌        | 3/20 [06:37<32:52, 116.03s/it]Global Tuning:  20%|██        | 4/20 [07:56<26:59, 101.24s/it]Global Tuning:  25%|██▌       | 5/20 [09:13<23:10, 92.69s/it] Global Tuning:  30%|███       | 6/20 [10:30<20:23, 87.37s/it]Global Tuning:  35%|███▌      | 7/20 [11:47<18:12, 84.05s/it]Global Tuning:  40%|████      | 8/20 [13:02<16:12, 81.01s/it]Global Tuning:  45%|████▌     | 9/20 [14:20<14:42, 80.22s/it]Global Tuning:  50%|█████     | 10/20 [15:40<13:19, 79.97s/it]Global Tuning:  55%|█████▌    | 11/20 [16:59<11:58, 79.78s/it]Global Tuning:  60%|██████    | 12/20 [18:22<10:46, 80.78s/it]Global Tuning:  65%|██████▌   | 13/20 [19:42<09:22, 80.42s/it]Global Tuning:  70%|███████   | 14/20 [21:00<07:58, 79.78s/it]Global Tuning:  75%|███████▌  | 15/20 [22:16<06:32, 78.51s/it]Global Tuning:  80%|████████  | 16/20 [23:32<05:11, 77.98s/it]Global Tuning:  85%|████████▌ | 17/20 [24:48<03:51, 77.28s/it]slurmstepd: error: *** JOB 10289792 ON gcn103 CANCELLED AT 2025-03-04T10:33:29 ***

JOB STATISTICS
==============
Job ID: 10289792
Cluster: snellius
User/Group: twouters2/twouters2
State: CANCELLED (exit code 0)
Nodes: 1
Cores per node: 64
CPU Utilized: 00:00:01
CPU Efficiency: 0.00% of 1-10:11:12 core-walltime
Job Wall-clock time: 00:32:03
Memory Utilized: 3.15 GB
Memory Efficiency: 3.93% of 80.00 GB
