Fri Dec 27 16:59:04 CET 2024
NVIDIA A100-SXM4-40GB
nb_cse = 10, bad_counter = 0
nb_cse = 20, bad_counter = 0
nb_cse = 30, bad_counter = 2
nb_cse = 40, bad_counter = 0
nb_cse = 50, bad_counter = 1
nb_cse = 60, bad_counter = 0
nb_cse = 70, bad_counter = 0
nb_cse = 80, bad_counter = 0
nb_cse = 90, bad_counter = 0
nb_cse = 100, bad_counter = 0
df
      nb_cse        r14      MTOV      p3nsat
0         10  12.217244  2.236594   75.403836
1         10  12.358384  2.347989  112.746503
2         10  12.683606  2.349820  121.454932
3         10  12.695897  2.313676   96.127253
4         10  12.061775  2.116183   82.319046
...      ...        ...       ...         ...
9992     100  13.172054  2.246039  117.662733
9993     100  13.713233  2.455790  127.059698
9994     100  15.051736  3.189802  250.450657
9995     100  11.433358  1.887535   39.696528
9996     100  13.641103  2.538142  152.945227

[9997 rows x 4 columns]
Plotting the data for r14
Plotting the data for MTOV
Plotting the data for p3nsat
DONE

JOB STATISTICS
==============
Job ID: 9174238
Cluster: snellius
User/Group: twouters2/twouters2
State: COMPLETED (exit code 0)
Nodes: 1
Cores per node: 18
CPU Utilized: 00:00:34
CPU Efficiency: 6.51% of 00:08:42 core-walltime
Job Wall-clock time: 00:00:29
Memory Utilized: 2.25 MB
Memory Efficiency: 0.04% of 5.00 GB
