Sat Dec 21 14:04:30 CET 2024
NVIDIA A100-SXM4-40GB
2024-12-21 14:04:32.135034: W external/xla/xla/service/gpu/nvptx_compiler.cc:836] The NVIDIA driver's CUDA version is 12.5 which is older than the PTX compiler version (12.6.85). Because the driver is older than the PTX compiler version, XLA is disabling parallel compilation, which may slow down compilation. You should update your NVIDIA driver or use the NVIDIA-provided CUDA forward compatibility packages.
Warning: weights not properly specified, assuming constant weights instead.
GPU found?
[CudaDevice(id=0)]
Fixed params loaded inside the MicroToMacroTransform:
    E_sat: -16.0
Loading data necessary for the event GW170817
Loading data necessary for the event J0030 and sampling the with NICER masses
Loading data necessary for the event J0740 and sampling the with NICER masses
Not sampling PREX or CREX data now
Loading data necessary for the Chiral EFT
Sanity checking: likelihoods_list = [<paper_jose.utils.GWlikelihood_with_masses object at 0x1475e426ba60>, <paper_jose.utils.NICERLikelihood_with_masses object at 0x146c2e2a63e0>, <paper_jose.utils.NICERLikelihood_with_masses object at 0x146c2e251fc0>, <paper_jose.utils.RadioTimingLikelihood object at 0x14746a5a06d0>, <paper_jose.utils.RadioTimingLikelihood object at 0x14746a5a05b0>, <paper_jose.utils.RadioTimingLikelihood object at 0x14746a5a06a0>, <paper_jose.utils.ChiEFTLikelihood object at 0x14746a5a2650>]
len(likelihoods_list) = 7
Fixed params loaded inside the MicroToMacroTransform:
    E_sat: -16.0
We are going to give these kwargs to Jim:
{'n_loop_training': 10, 'n_loop_production': 20, 'n_chains': 500, 'n_local_steps': 2, 'n_global_steps': 10, 'n_epochs': 10, 'train_thinning': 1, 'output_thinning': 1}
We are going to sample the following parameters:
['E_sym', 'L_sym', 'K_sym', 'Q_sym', 'Z_sym', 'K_sat', 'Q_sat', 'Z_sat', 'nbreak', 'n_CSE_0_u', 'cs2_CSE_0', 'n_CSE_1_u', 'cs2_CSE_1', 'n_CSE_2_u', 'cs2_CSE_2', 'n_CSE_3_u', 'cs2_CSE_3', 'n_CSE_4_u', 'cs2_CSE_4', 'n_CSE_5_u', 'cs2_CSE_5', 'n_CSE_6_u', 'cs2_CSE_6', 'n_CSE_7_u', 'cs2_CSE_7', 'cs2_CSE_8', 'mass_1_GW170817', 'mass_2_GW170817', 'mass_J0030', 'mass_J0740']
No sample transforms provided. Using prior parameters as sampling parameters
['n_dim', 'n_chains', 'n_local_steps', 'n_global_steps', 'n_loop', 'output_thinning', 'verbose']
log_prob
[-531.24016046 -383.10880765 -118.66981521]
Global Tuning:   0%|          | 0/10 [00:00<?, ?it/s]Global Tuning:  10%|█         | 1/10 [02:22<21:25, 142.88s/it]Global Tuning:  20%|██        | 2/10 [02:59<10:43, 80.43s/it] Global Tuning:  30%|███       | 3/10 [03:34<06:58, 59.85s/it]Global Tuning:  40%|████      | 4/10 [04:10<05:01, 50.29s/it]Global Tuning:  50%|█████     | 5/10 [04:46<03:45, 45.02s/it]Global Tuning:  60%|██████    | 6/10 [05:22<02:47, 41.87s/it]Global Tuning:  70%|███████   | 7/10 [05:57<01:59, 39.92s/it]