Tue Mar  4 10:01:38 CET 2025
NVIDIA H100
NVIDIA H100
NVIDIA H100
NVIDIA H100
Warning: weights not properly specified, assuming constant weights instead.
GPU found?
[CudaDevice(id=0), CudaDevice(id=1), CudaDevice(id=2), CudaDevice(id=3)]
Using the broad EOS prior
Using the regular nbreak prior: U[1.0, 2.0] * 0.16
Fixed params loaded inside the MicroToMacroTransform:
    E_sat: -16.0
Loading data necessary for the event GW170817
Loading data necessary for the event J0030 and sampling the with NICER masses
Loading data necessary for the event J0740 and sampling the with NICER masses
Not sampling PREX or CREX data now
Loading data necessary for the Chiral EFT
Sanity checking: likelihoods_list = [<paper_jose.utils.GWlikelihood_with_masses object at 0x147554c9bca0>, <paper_jose.utils.NICERLikelihood_with_masses object at 0x145b892c0100>, <paper_jose.utils.NICERLikelihood_with_masses object at 0x145b889a45b0>, <paper_jose.utils.RadioTimingLikelihood object at 0x145b889a50f0>, <paper_jose.utils.RadioTimingLikelihood object at 0x145b889a63e0>, <paper_jose.utils.RadioTimingLikelihood object at 0x145b889a4520>, <paper_jose.utils.ChiEFTLikelihood object at 0x145b889a4eb0>]
len(likelihoods_list) = 7
Fixed params loaded inside the MicroToMacroTransform:
    E_sat: -16.0
We are going to give these kwargs to Jim:
{'n_loop_training': 20, 'n_loop_production': 20, 'n_chains': 1000, 'n_local_steps': 2, 'n_global_steps': 100, 'n_epochs': 20, 'train_thinning': 1, 'output_thinning': 5}
We are going to sample the following parameters:
['E_sym', 'L_sym', 'K_sym', 'Q_sym', 'Z_sym', 'K_sat', 'Q_sat', 'Z_sat', 'nbreak', 'n_CSE_0_u', 'cs2_CSE_0', 'n_CSE_1_u', 'cs2_CSE_1', 'n_CSE_2_u', 'cs2_CSE_2', 'n_CSE_3_u', 'cs2_CSE_3', 'n_CSE_4_u', 'cs2_CSE_4', 'n_CSE_5_u', 'cs2_CSE_5', 'n_CSE_6_u', 'cs2_CSE_6', 'n_CSE_7_u', 'cs2_CSE_7', 'n_CSE_8_u', 'cs2_CSE_8', 'n_CSE_9_u', 'cs2_CSE_9', 'n_CSE_10_u', 'cs2_CSE_10', 'n_CSE_11_u', 'cs2_CSE_11', 'n_CSE_12_u', 'cs2_CSE_12', 'n_CSE_13_u', 'cs2_CSE_13', 'n_CSE_14_u', 'cs2_CSE_14', 'n_CSE_15_u', 'cs2_CSE_15', 'n_CSE_16_u', 'cs2_CSE_16', 'n_CSE_17_u', 'cs2_CSE_17', 'n_CSE_18_u', 'cs2_CSE_18', 'n_CSE_19_u', 'cs2_CSE_19', 'n_CSE_20_u', 'cs2_CSE_20', 'n_CSE_21_u', 'cs2_CSE_21', 'n_CSE_22_u', 'cs2_CSE_22', 'n_CSE_23_u', 'cs2_CSE_23', 'n_CSE_24_u', 'cs2_CSE_24', 'n_CSE_25_u', 'cs2_CSE_25', 'n_CSE_26_u', 'cs2_CSE_26', 'n_CSE_27_u', 'cs2_CSE_27', 'n_CSE_28_u', 'cs2_CSE_28', 'n_CSE_29_u', 'cs2_CSE_29', 'n_CSE_30_u', 'cs2_CSE_30', 'n_CSE_31_u', 'cs2_CSE_31', 'n_CSE_32_u', 'cs2_CSE_32', 'n_CSE_33_u', 'cs2_CSE_33', 'n_CSE_34_u', 'cs2_CSE_34', 'n_CSE_35_u', 'cs2_CSE_35', 'n_CSE_36_u', 'cs2_CSE_36', 'n_CSE_37_u', 'cs2_CSE_37', 'n_CSE_38_u', 'cs2_CSE_38', 'n_CSE_39_u', 'cs2_CSE_39', 'cs2_CSE_40', 'mass_1_GW170817', 'mass_2_GW170817', 'mass_J0030', 'mass_J0740']
No sample transforms provided. Using prior parameters as sampling parameters
['n_dim', 'n_chains', 'n_local_steps', 'n_global_steps', 'n_loop', 'output_thinning', 'verbose']
log_prob
[-10000520.8061321  -10000087.23083983 -10000456.62097827]
Sampling seed is set to: 11
Global Tuning:   0%|          | 0/20 [00:00<?, ?it/s]Global Tuning:   5%|▌         | 1/20 [03:38<1:09:20, 218.97s/it]Global Tuning:  10%|█         | 2/20 [04:59<41:20, 137.80s/it]  Global Tuning:  15%|█▌        | 3/20 [06:18<31:23, 110.79s/it]Global Tuning:  20%|██        | 4/20 [07:35<25:58, 97.38s/it] Global Tuning:  25%|██▌       | 5/20 [08:58<23:01, 92.12s/it]Global Tuning:  30%|███       | 6/20 [10:13<20:10, 86.50s/it]Global Tuning:  35%|███▌      | 7/20 [11:27<17:49, 82.24s/it]Global Tuning:  40%|████      | 8/20 [12:42<15:58, 79.87s/it]Global Tuning:  45%|████▌     | 9/20 [13:57<14:22, 78.41s/it]Global Tuning:  50%|█████     | 10/20 [15:14<13:01, 78.20s/it]Global Tuning:  55%|█████▌    | 11/20 [16:33<11:45, 78.42s/it]Global Tuning:  60%|██████    | 12/20 [17:52<10:27, 78.47s/it]Global Tuning:  65%|██████▌   | 13/20 [19:10<09:07, 78.25s/it]Global Tuning:  70%|███████   | 14/20 [20:29<07:51, 78.50s/it]Global Tuning:  75%|███████▌  | 15/20 [21:52<06:39, 79.93s/it]Global Tuning:  80%|████████  | 16/20 [23:16<05:24, 81.00s/it]Global Tuning:  85%|████████▌ | 17/20 [24:38<04:03, 81.32s/it]Global Tuning:  90%|█████████ | 18/20 [26:01<02:44, 82.08s/it]slurmstepd: error: *** JOB 10289791 ON gcn101 CANCELLED AT 2025-03-04T10:33:29 ***

JOB STATISTICS
==============
Job ID: 10289791
Cluster: snellius
User/Group: twouters2/twouters2
State: CANCELLED (exit code 0)
Nodes: 1
Cores per node: 64
CPU Utilized: 00:00:01
CPU Efficiency: 0.00% of 1-10:12:16 core-walltime
Job Wall-clock time: 00:32:04
Memory Utilized: 2.98 GB
Memory Efficiency: 3.73% of 80.00 GB
