Tue Mar  4 10:01:40 CET 2025
NVIDIA H100
NVIDIA H100
NVIDIA H100
NVIDIA H100
Warning: weights not properly specified, assuming constant weights instead.
GPU found?
[CudaDevice(id=0), CudaDevice(id=1), CudaDevice(id=2), CudaDevice(id=3)]
Using the broad EOS prior
Using the regular nbreak prior: U[1.0, 2.0] * 0.16
Fixed params loaded inside the MicroToMacroTransform:
    E_sat: -16.0
Loading data necessary for the event GW170817
Loading data necessary for the event J0030 and sampling the with NICER masses
Loading data necessary for the event J0740 and sampling the with NICER masses
Not sampling PREX or CREX data now
Loading data necessary for the Chiral EFT
Sanity checking: likelihoods_list = [<paper_jose.utils.GWlikelihood_with_masses object at 0x1543fb6ebca0>, <paper_jose.utils.NICERLikelihood_with_masses object at 0x152a2d11f790>, <paper_jose.utils.NICERLikelihood_with_masses object at 0x152a2e00fee0>, <paper_jose.utils.RadioTimingLikelihood object at 0x152a2decbd90>, <paper_jose.utils.RadioTimingLikelihood object at 0x152a2d4f44c0>, <paper_jose.utils.RadioTimingLikelihood object at 0x152a2d3f2c20>, <paper_jose.utils.ChiEFTLikelihood object at 0x152a2d3f1690>]
len(likelihoods_list) = 7
Fixed params loaded inside the MicroToMacroTransform:
    E_sat: -16.0
We are going to give these kwargs to Jim:
{'n_loop_training': 20, 'n_loop_production': 20, 'n_chains': 1000, 'n_local_steps': 2, 'n_global_steps': 100, 'n_epochs': 20, 'train_thinning': 1, 'output_thinning': 5}
We are going to sample the following parameters:
['E_sym', 'L_sym', 'K_sym', 'Q_sym', 'Z_sym', 'K_sat', 'Q_sat', 'Z_sat', 'nbreak', 'n_CSE_0_u', 'cs2_CSE_0', 'n_CSE_1_u', 'cs2_CSE_1', 'n_CSE_2_u', 'cs2_CSE_2', 'n_CSE_3_u', 'cs2_CSE_3', 'n_CSE_4_u', 'cs2_CSE_4', 'n_CSE_5_u', 'cs2_CSE_5', 'n_CSE_6_u', 'cs2_CSE_6', 'n_CSE_7_u', 'cs2_CSE_7', 'n_CSE_8_u', 'cs2_CSE_8', 'n_CSE_9_u', 'cs2_CSE_9', 'n_CSE_10_u', 'cs2_CSE_10', 'n_CSE_11_u', 'cs2_CSE_11', 'n_CSE_12_u', 'cs2_CSE_12', 'n_CSE_13_u', 'cs2_CSE_13', 'n_CSE_14_u', 'cs2_CSE_14', 'n_CSE_15_u', 'cs2_CSE_15', 'n_CSE_16_u', 'cs2_CSE_16', 'n_CSE_17_u', 'cs2_CSE_17', 'n_CSE_18_u', 'cs2_CSE_18', 'n_CSE_19_u', 'cs2_CSE_19', 'n_CSE_20_u', 'cs2_CSE_20', 'n_CSE_21_u', 'cs2_CSE_21', 'n_CSE_22_u', 'cs2_CSE_22', 'n_CSE_23_u', 'cs2_CSE_23', 'n_CSE_24_u', 'cs2_CSE_24', 'n_CSE_25_u', 'cs2_CSE_25', 'n_CSE_26_u', 'cs2_CSE_26', 'n_CSE_27_u', 'cs2_CSE_27', 'n_CSE_28_u', 'cs2_CSE_28', 'n_CSE_29_u', 'cs2_CSE_29', 'cs2_CSE_30', 'mass_1_GW170817', 'mass_2_GW170817', 'mass_J0030', 'mass_J0740']
No sample transforms provided. Using prior parameters as sampling parameters
['n_dim', 'n_chains', 'n_local_steps', 'n_global_steps', 'n_loop', 'output_thinning', 'verbose']
log_prob
[-1.00001397e+07 -5.68168128e+02 -1.12786467e+02]
Sampling seed is set to: 12
Global Tuning:   0%|          | 0/20 [00:00<?, ?it/s]Global Tuning:   5%|▌         | 1/20 [03:24<1:04:40, 204.25s/it]Global Tuning:  10%|█         | 2/20 [04:44<39:21, 131.18s/it]  Global Tuning:  15%|█▌        | 3/20 [05:57<29:41, 104.77s/it]Global Tuning:  20%|██        | 4/20 [07:11<24:42, 92.65s/it] Global Tuning:  25%|██▌       | 5/20 [08:24<21:21, 85.46s/it]Global Tuning:  30%|███       | 6/20 [09:41<19:18, 82.75s/it]Global Tuning:  35%|███▌      | 7/20 [10:54<17:13, 79.48s/it]Global Tuning:  40%|████      | 8/20 [12:14<15:53, 79.46s/it]Global Tuning:  45%|████▌     | 9/20 [13:27<14:12, 77.48s/it]Global Tuning:  50%|█████     | 10/20 [14:42<12:48, 76.86s/it]Global Tuning:  55%|█████▌    | 11/20 [16:03<11:41, 77.93s/it]Global Tuning:  60%|██████    | 12/20 [17:21<10:25, 78.22s/it]Global Tuning:  65%|██████▌   | 13/20 [18:41<09:10, 78.70s/it]Global Tuning:  70%|███████   | 14/20 [19:59<07:49, 78.29s/it]Global Tuning:  75%|███████▌  | 15/20 [21:19<06:34, 78.90s/it]Global Tuning:  80%|████████  | 16/20 [22:39<05:16, 79.23s/it]Global Tuning:  85%|████████▌ | 17/20 [23:57<03:57, 79.03s/it]Global Tuning:  90%|█████████ | 18/20 [25:15<02:37, 78.61s/it]Global Tuning:  95%|█████████▌| 19/20 [26:33<01:18, 78.36s/it]slurmstepd: error: *** JOB 10289790 ON gcn100 CANCELLED AT 2025-03-04T10:33:25 ***

JOB STATISTICS
==============
Job ID: 10289790
Cluster: snellius
User/Group: twouters2/twouters2
State: CANCELLED (exit code 0)
Nodes: 1
Cores per node: 64
CPU Utilized: 00:00:01
CPU Efficiency: 0.00% of 1-10:08:00 core-walltime
Job Wall-clock time: 00:32:00
Memory Utilized: 2.79 GB
Memory Efficiency: 3.49% of 80.00 GB
