Mon Dec 23 14:51:36 CET 2024
NVIDIA A100-SXM4-40GB
2024-12-23 14:51:38.305180: W external/xla/xla/service/gpu/nvptx_compiler.cc:836] The NVIDIA driver's CUDA version is 12.5 which is older than the PTX compiler version (12.6.85). Because the driver is older than the PTX compiler version, XLA is disabling parallel compilation, which may slow down compilation. You should update your NVIDIA driver or use the NVIDIA-provided CUDA forward compatibility packages.
Warning: weights not properly specified, assuming constant weights instead.
GPU found?
[CudaDevice(id=0)]
Fixed params loaded inside the MicroToMacroTransform:
    E_sat: -16.0
Loading data necessary for the event GW170817
Loading data necessary for the event J0030 and sampling the with NICER masses
Loading data necessary for the event J0740 and sampling the with NICER masses
Not sampling PREX or CREX data now
Loading data necessary for the Chiral EFT
Sanity checking: likelihoods_list = [<paper_jose.utils.GWlikelihood_with_masses object at 0x1497b017dff0>, <paper_jose.utils.NICERLikelihood_with_masses object at 0x148ef2f37c10>, <paper_jose.utils.NICERLikelihood_with_masses object at 0x148ef3ddf7c0>, <paper_jose.utils.RadioTimingLikelihood object at 0x148ef3dde9e0>, <paper_jose.utils.RadioTimingLikelihood object at 0x148ef319a290>, <paper_jose.utils.RadioTimingLikelihood object at 0x148ef319b1c0>, <paper_jose.utils.ChiEFTLikelihood object at 0x148ef2f20d90>]
len(likelihoods_list) = 7
Fixed params loaded inside the MicroToMacroTransform:
    E_sat: -16.0
Traceback (most recent call last):
  File "/gpfs/home6/twouters2/projects/jax_tov_eos/paper_jose/src/paper_jose/inference/numpyro_inference.py", line 410, in <module>
    main(args)
  File "/gpfs/home6/twouters2/projects/jax_tov_eos/paper_jose/src/paper_jose/inference/numpyro_inference.py", line 299, in main
    local_sampler_arg = {"step_size": mass_matrix * args.eps_mass_matrix}
AttributeError: 'Namespace' object has no attribute 'eps_mass_matrix'
DONE

JOB STATISTICS
==============
Job ID: 9137204
Cluster: snellius
User/Group: twouters2/twouters2
State: COMPLETED (exit code 0)
Nodes: 1
Cores per node: 18
CPU Utilized: 00:00:16
CPU Efficiency: 3.56% of 00:07:30 core-walltime
Job Wall-clock time: 00:00:25
Memory Utilized: 2.22 MB
Memory Efficiency: 0.01% of 20.00 GB
