Mon Mar  3 16:24:05 CET 2025
NVIDIA H100
Warning: weights not properly specified, assuming constant weights instead.
GPU found?
[CudaDevice(id=0)]
Using the broad EOS prior
Using the broad nbreak prior: U[1.0, 4.0] * 0.16
Fixed params loaded inside the MicroToMacroTransform:
    E_sat: -16.0
Loading data necessary for the event GW170817
Loading data necessary for the event J0030 and sampling the with NICER masses
Loading data necessary for the event J0740 and sampling the with NICER masses
Not sampling PREX or CREX data now
Loading data necessary for the Chiral EFT
Sanity checking: likelihoods_list = [<paper_jose.utils.GWlikelihood_with_masses object at 0x14e777203b80>, <paper_jose.utils.NICERLikelihood_with_masses object at 0x14d16cb9bcd0>, <paper_jose.utils.NICERLikelihood_with_masses object at 0x14d16cca7a60>, <paper_jose.utils.RadioTimingLikelihood object at 0x14d163d83e50>, <paper_jose.utils.RadioTimingLikelihood object at 0x14d163dc9750>, <paper_jose.utils.RadioTimingLikelihood object at 0x14d163dc87c0>, <paper_jose.utils.ChiEFTLikelihood object at 0x14d163dc9870>]
len(likelihoods_list) = 7
Fixed params loaded inside the MicroToMacroTransform:
    E_sat: -16.0
We are going to give these kwargs to Jim:
{'n_loop_training': 20, 'n_loop_production': 20, 'n_chains': 1000, 'n_local_steps': 2, 'n_global_steps': 100, 'n_epochs': 20, 'train_thinning': 1, 'output_thinning': 5}
We are going to sample the following parameters:
['E_sym', 'L_sym', 'K_sym', 'Q_sym', 'Z_sym', 'K_sat', 'Q_sat', 'Z_sat', 'nbreak', 'n_CSE_0_u', 'cs2_CSE_0', 'n_CSE_1_u', 'cs2_CSE_1', 'n_CSE_2_u', 'cs2_CSE_2', 'n_CSE_3_u', 'cs2_CSE_3', 'n_CSE_4_u', 'cs2_CSE_4', 'n_CSE_5_u', 'cs2_CSE_5', 'n_CSE_6_u', 'cs2_CSE_6', 'n_CSE_7_u', 'cs2_CSE_7', 'cs2_CSE_8', 'mass_1_GW170817', 'mass_2_GW170817', 'mass_J0030', 'mass_J0740']
No sample transforms provided. Using prior parameters as sampling parameters
['n_dim', 'n_chains', 'n_local_steps', 'n_global_steps', 'n_loop', 'output_thinning', 'verbose']
log_prob
[-528.29473982 -392.39808789 -115.79626666]
Sampling seed is set to: 11
Global Tuning:   0%|          | 0/20 [00:00<?, ?it/s]Global Tuning:   5%|▌         | 1/20 [02:58<56:23, 178.09s/it]Global Tuning:  10%|█         | 2/20 [04:10<34:43, 115.76s/it]Global Tuning:  15%|█▌        | 3/20 [05:20<26:53, 94.89s/it] Global Tuning:  20%|██        | 4/20 [06:29<22:37, 84.85s/it]Global Tuning:  25%|██▌       | 5/20 [07:39<19:49, 79.29s/it]Global Tuning:  30%|███       | 6/20 [08:47<17:40, 75.73s/it]Global Tuning:  35%|███▌      | 7/20 [09:58<16:03, 74.12s/it]Global Tuning:  40%|████      | 8/20 [11:13<14:51, 74.26s/it]Global Tuning:  45%|████▌     | 9/20 [12:24<13:25, 73.21s/it]Global Tuning:  50%|█████     | 10/20 [13:40<12:21, 74.16s/it]