Tue Dec 17 15:46:11 CET 2024
NVIDIA A100-SXM4-40GB
2024-12-17 15:46:14.985746: W external/xla/xla/service/gpu/nvptx_compiler.cc:836] The NVIDIA driver's CUDA version is 12.5 which is older than the PTX compiler version (12.6.85). Because the driver is older than the PTX compiler version, XLA is disabling parallel compilation, which may slow down compilation. You should update your NVIDIA driver or use the NVIDIA-provided CUDA forward compatibility packages.
Warning: weights not properly specified, assuming constant weights instead.
GPU found?
[CudaDevice(id=0)]
Fixed params loaded inside the MicroToMacroTransform:
    E_sat: -16.0
Fixed params loaded inside the MicroToMacroTransform:
    E_sat: -16.0
Loading data necessary for the event GW170817
Not sampling PREX or CREX data now
Sanity checking: likelihoods_list = [<paper_jose.utils.GWlikelihood_with_masses object at 0x153112994c40>, <paper_jose.utils.RadioTimingLikelihood object at 0x153109b87010>, <paper_jose.utils.RadioTimingLikelihood object at 0x1531128f49d0>, <paper_jose.utils.RadioTimingLikelihood object at 0x153109cb5180>]
len(likelihoods_list) = 4
We are going to give these kwargs to Jim:
{'n_loop_training': 10, 'n_loop_production': 20, 'n_chains': 500, 'n_local_steps': 2, 'n_global_steps': 10, 'n_epochs': 10, 'train_thinning': 1, 'output_thinning': 1}
We are going to sample the following parameters:
['E_sym', 'L_sym', 'K_sym', 'Q_sym', 'Z_sym', 'K_sat', 'Q_sat', 'Z_sat', 'nbreak', 'n_CSE_0_u', 'cs2_CSE_0', 'n_CSE_1_u', 'cs2_CSE_1', 'n_CSE_2_u', 'cs2_CSE_2', 'n_CSE_3_u', 'cs2_CSE_3', 'n_CSE_4_u', 'cs2_CSE_4', 'n_CSE_5_u', 'cs2_CSE_5', 'n_CSE_6_u', 'cs2_CSE_6', 'n_CSE_7_u', 'cs2_CSE_7', 'cs2_CSE_8', 'mass_1_GW170817', 'mass_2_GW170817']
No sample transforms provided. Using prior parameters as sampling parameters
['n_dim', 'n_chains', 'n_local_steps', 'n_global_steps', 'n_loop', 'output_thinning', 'verbose']
Global Tuning:   0%|          | 0/10 [00:00<?, ?it/s]slurmstepd: error: *** JOB 9074872 ON gcn36 CANCELLED AT 2024-12-17T15:49:08 ***

JOB STATISTICS
==============
Job ID: 9074872
Cluster: snellius
User/Group: twouters2/twouters2
State: CANCELLED (exit code 0)
Nodes: 1
Cores per node: 18
CPU Utilized: 00:00:00
CPU Efficiency: 0.00% of 00:56:06 core-walltime
Job Wall-clock time: 00:03:07
Memory Utilized: 1.55 GB
Memory Efficiency: 15.51% of 10.00 GB
